<?xml version="1.0" encoding="utf-8"?><testsuites name="pytest tests"><testsuite name="pytest" errors="0" failures="0" skipped="0" tests="19" time="1.336" timestamp="2025-08-11T11:42:09.302721+02:00" hostname="vincent-Legion-Pro-5-16IRX9"><testcase classname="tests.unit.test_commands.TestCommandRegistry" name="test_register_and_get_function_command" time="0.003" /><testcase classname="tests.unit.test_commands.TestCommandRegistry" name="test_command_not_found" time="0.001" /><testcase classname="tests.unit.test_commands.TestCommandRegistry" name="test_list_commands" time="0.001" /><testcase classname="tests.unit.test_commands.TestFunctionCommand" name="test_successful_execution" time="0.001" /><testcase classname="tests.unit.test_commands.TestFunctionCommand" name="test_execution_with_exception" time="0.001" /><testcase classname="tests.unit.test_commands.TestFunctionCommand" name="test_argument_validation" time="0.001" /><testcase classname="tests.unit.test_commands.TestFunctionCommand" name="test_description_fallback" time="0.001" /><testcase classname="tests.unit.test_commands.TestShellCommand" name="test_successful_shell_execution" time="0.007" /><testcase classname="tests.unit.test_commands.TestShellCommand" name="test_failed_shell_execution" time="0.010" /><testcase classname="tests.unit.test_commands.TestShellCommand" name="test_shell_command_validation" time="0.001" /><testcase classname="tests.unit.test_commands.TestShellCommand" name="test_shell_command_timeout" time="0.108" /><testcase classname="tests.unit.test_commands.TestCommandRegistration" name="test_register_command_decorator" time="0.001" /><testcase classname="tests.unit.test_commands.TestCommandRegistration" name="test_built_in_commands_available" time="0.001" /><testcase classname="tests.unit.test_workflow_engine.TestWorkflowEngine" name="test_successful_workflow_execution" time="0.003" /><testcase classname="tests.unit.test_workflow_engine.TestWorkflowEngine" name="test_workflow_failure_handling" time="0.003" /><testcase classname="tests.unit.test_workflow_engine.TestWorkflowEngine" name="test_workflow_validation" time="0.002" /><testcase classname="tests.unit.test_workflow_engine.TestWorkflowEngine" name="test_duplicate_step_ids_validation" time="0.005" /><testcase classname="tests.unit.test_workflow_engine.TestWorkflowEngine" name="test_context_variable_passing" time="0.003" /><testcase classname="tests.unit.test_workflow_engine.TestWorkflowEngine" name="test_performance_metrics_collection" time="0.002" /></testsuite></testsuites>