<?xml version="1.0" encoding="utf-8"?><testsuites name="pytest tests"><testsuite name="pytest" errors="0" failures="0" skipped="0" tests="33" time="1.201" timestamp="2025-08-11T12:00:09.517795+02:00" hostname="vincent-Legion-Pro-5-16IRX9"><testcase classname="tests.unit.test_core.TestBaseAgentTask" name="test_initialization" time="0.003" /><testcase classname="tests.unit.test_core.TestBaseAgentTask" name="test_custom_initialization" time="0.001" /><testcase classname="tests.unit.test_core.TestBaseAgentTask" name="test_validate_preconditions_default" time="0.001" /><testcase classname="tests.unit.test_core.TestBaseAgentTask" name="test_estimate_resources" time="0.001" /><testcase classname="tests.unit.test_core.TestBaseAgentTask" name="test_execute_not_implemented" time="0.005" /><testcase classname="tests.unit.test_core.TestBaseAgentTask" name="test_rollback_not_reversible" time="0.003" /><testcase classname="tests.unit.test_core.TestBaseAgentTask" name="test_create_result_helper" time="0.001" /><testcase classname="tests.unit.test_core.TestConcreteAgentTask" name="test_simple_task_success" time="0.002" /><testcase classname="tests.unit.test_core.TestConcreteAgentTask" name="test_simple_task_failure" time="0.002" /><testcase classname="tests.unit.test_core.TestBaseAgentWorkflow" name="test_initialization" time="0.001" /><testcase classname="tests.unit.test_core.TestBaseAgentWorkflow" name="test_validate_workflow_success" time="0.001" /><testcase classname="tests.unit.test_core.TestBaseAgentWorkflow" name="test_validate_empty_workflow" time="0.001" /><testcase classname="tests.unit.test_core.TestBaseAgentWorkflow" name="test_validate_duplicate_task_ids" time="0.001" /><testcase classname="tests.unit.test_core.TestAgentWorkflowEngine" name="test_initialization" time="0.001" /><testcase classname="tests.unit.test_core.TestAgentWorkflowEngine" name="test_execute_empty_workflow_validation" time="0.003" /><testcase classname="tests.unit.test_core.TestAgentWorkflowEngine" name="test_execute_successful_workflow" time="0.002" /><testcase classname="tests.unit.test_core.TestAgentWorkflowEngine" name="test_execute_workflow_with_failure" time="0.003" /><testcase classname="tests.unit.test_core.TestAgentWorkflowEngine" name="test_get_execution_summary_empty" time="0.001" /><testcase classname="tests.unit.test_types.TestAgentExecutionContext" name="test_initialization" time="0.001" /><testcase classname="tests.unit.test_types.TestAgentExecutionContext" name="test_update_performance" time="0.001" /><testcase classname="tests.unit.test_types.TestAgentExecutionContext" name="test_add_task_to_history" time="0.001" /><testcase classname="tests.unit.test_types.TestTaskMetadata" name="test_initialization" time="0.001" /><testcase classname="tests.unit.test_types.TestTaskMetadata" name="test_with_dependencies" time="0.001" /><testcase classname="tests.unit.test_types.TestAgentTaskResult" name="test_success_property" time="0.001" /><testcase classname="tests.unit.test_types.TestAgentTaskResult" name="test_failed_property" time="0.001" /><testcase classname="tests.unit.test_types.TestAgentTaskResult" name="test_with_outputs_and_artifacts" time="0.002" /><testcase classname="tests.unit.test_types.TestEnums" name="test_agent_task_type_values" time="0.001" /><testcase classname="tests.unit.test_types.TestEnums" name="test_task_priority_values" time="0.001" /><testcase classname="tests.e2e.test_complete_workflow.TestCompleteWorkflowExecution" name="test_successful_file_workflow" time="0.004" /><testcase classname="tests.e2e.test_complete_workflow.TestCompleteWorkflowExecution" name="test_workflow_with_failure_and_rollback" time="0.004" /><testcase classname="tests.e2e.test_complete_workflow.TestCompleteWorkflowExecution" name="test_precondition_failure" time="0.003" /><testcase classname="tests.e2e.test_complete_workflow" name="test_command_workflow_integration" time="0.007" /><testcase classname="tests.e2e.test_complete_workflow" name="test_workflow_context_updates" time="0.003" /></testsuite></testsuites>