<?xml version="1.0" encoding="utf-8"?><testsuites name="pytest tests"><testsuite name="pytest" errors="0" failures="0" skipped="0" tests="22" time="0.693" timestamp="2025-08-11T06:30:56.479257+02:00" hostname="vincent-Legion-Pro-5-16IRX9"><testcase classname="tests.test_hello" name="test_config_manager_default" time="0.001" /><testcase classname="tests.test_hello" name="test_config_manager_with_file" time="0.002" /><testcase classname="tests.test_hello" name="test_command_executor_shell_execution" time="0.002" /><testcase classname="tests.test_hello" name="test_script_discovery" time="0.001" /><testcase classname="tests.test_hello" name="test_language_entry_points" time="0.000" /><testcase classname="tests.test_interactive_system.TestExecutionContext" name="test_context_creation" time="0.000" /><testcase classname="tests.test_interactive_system.TestExecutionContext" name="test_context_defaults" time="0.000" /><testcase classname="tests.test_interactive_system.TestAgentRegistry" name="test_register_executing_agent" time="0.001" /><testcase classname="tests.test_interactive_system.TestAgentRegistry" name="test_register_specialized_agent" time="0.001" /><testcase classname="tests.test_interactive_system.TestAgentRegistry" name="test_agent_selection_priority" time="0.001" /><testcase classname="tests.test_interactive_system.TestSpecializedAgents" name="test_npm_agent_responses" time="0.001" /><testcase classname="tests.test_interactive_system.TestSpecializedAgents" name="test_git_agent_responses" time="0.000" /><testcase classname="tests.test_interactive_system.TestSpecializedAgents" name="test_agent_can_handle" time="0.000" /><testcase classname="tests.test_interactive_system.TestExecutingAgent" name="test_callback_execution" time="0.001" /><testcase classname="tests.test_interactive_system.TestExecutingAgent" name="test_safe_defaults" time="0.001" /><testcase classname="tests.test_interactive_system.TestMomInteractiveSystem" name="test_system_initialization" time="0.001" /><testcase classname="tests.test_interactive_system.TestMomInteractiveSystem" name="test_context_creation" time="0.001" /><testcase classname="tests.test_interactive_system.TestMomInteractiveSystem" name="test_project_info_extraction" time="0.001" /><testcase classname="tests.test_interactive_system.TestMomInteractiveSystem" name="test_command_execution_real" time="0.105" /><testcase classname="tests.test_interactive_system.TestMomInteractiveSystem" name="test_agent_stats" time="0.001" /><testcase classname="tests.test_interactive_system.TestGeneralAgent" name="test_pattern_responses" time="0.003" /><testcase classname="tests.test_interactive_system.TestGeneralAgent" name="test_safe_defaults" time="0.000" /></testsuite></testsuites>